<?xml version="1.0" encoding="UTF-8"?>
<!-- Generated by org.testng.reporters.JUnitReportReporter -->
<testsuite skipped="0" hostname="CDC2-D-CM1WXJ2" name="com.acc.testng.YahooTest" tests="2" failures="0" timestamp="04 Oct 2018 09:51:20 GMT" time="0.003" errors="0">
  <testcase name="yahooMailTest" time="0.001" classname="com.acc.testng.YahooTest"/>
  <testcase name="yahooNewsTest" time="0.002" classname="com.acc.testng.YahooTest"/>
</testsuite> <!-- com.acc.testng.YahooTest -->
