<?xml version="1.0" encoding="UTF-8"?>
<!-- Generated by org.testng.reporters.JUnitReportReporter -->
<testsuite skipped="0" hostname="CDC2-D-CM1WXJ2" name="com.acc.testng.FrameByName" tests="1" failures="0" timestamp="05 Oct 2018 05:20:16 GMT" time="11.014" errors="0">
  <testcase name="Frame" time="11.014" classname="com.acc.testng.FrameByName"/>
</testsuite> <!-- com.acc.testng.FrameByName -->
