<?xml version="1.0" encoding="UTF-8"?>
<!-- Generated by org.testng.reporters.JUnitReportReporter -->
<testsuite skipped="0" hostname="CDC2-D-CM1WXJ2" name="com.acc.testng.DemoTestNG" tests="1" failures="0" timestamp="04 Oct 2018 05:41:45 GMT" time="31.619" errors="0">
  <testcase name="openSelenium" time="31.619" classname="com.acc.testng.DemoTestNG"/>
</testsuite> <!-- com.acc.testng.DemoTestNG -->
