<?xml version="1.0" encoding="UTF-8"?>
<!-- Generated by org.testng.reporters.JUnitReportReporter -->
<testsuite skipped="1" hostname="CDC2-D-CM1WXJ2" name="com.acc.testng.GoogleTest" tests="2" failures="0" timestamp="04 Oct 2018 09:51:20 GMT" time="0.006" errors="0">
  <testcase name="GoogleNewsTest" time="0.006" classname="com.acc.testng.GoogleTest"/>
  <testcase name="GoogleMailTest" classname="com.acc.testng.GoogleTest">
    <skipped/>
  </testcase> <!-- GoogleMailTest -->
</testsuite> <!-- com.acc.testng.GoogleTest -->
