<?xml version="1.0" encoding="UTF-8"?>
<!-- Generated by org.testng.reporters.JUnitReportReporter -->
<testsuite skipped="0" hostname="CDC2-D-CM1WXJ2" name="com.acc.testng.DemoTestNG1" tests="1" failures="0" timestamp="04 Oct 2018 06:41:32 GMT" time="15.063" errors="0">
  <testcase name="testMercuryToursRegistration" time="15.063" classname="com.acc.testng.DemoTestNG1"/>
</testsuite> <!-- com.acc.testng.DemoTestNG1 -->
