<?xml version="1.0" encoding="UTF-8"?>
<!-- Generated by org.testng.reporters.JUnitReportReporter -->
<testsuite skipped="0" hostname="CDC2-D-CM1WXJ2" name="com.acc.testng.DataProviderEg" tests="2" failures="0" timestamp="04 Oct 2018 09:51:20 GMT" time="0.002" errors="0">
  <testcase name="f" time="0.001" classname="com.acc.testng.DataProviderEg"/>
  <testcase name="f" time="0.001" classname="com.acc.testng.DataProviderEg"/>
</testsuite> <!-- com.acc.testng.DataProviderEg -->
