<?xml version="1.0" encoding="UTF-8"?>
<!-- Generated by org.testng.reporters.JUnitReportReporter -->
<testsuite skipped="0" hostname="CDC2-D-CM1WXJ2" name="com.acc.testng.SelectDemo" tests="1" failures="0" timestamp="04 Oct 2018 09:13:46 GMT" time="16.465" errors="0">
  <testcase name="Login" time="16.465" classname="com.acc.testng.SelectDemo"/>
</testsuite> <!-- com.acc.testng.SelectDemo -->
